<?xml version="1.0" encoding="UTF-8"?>
<!-- Generated by org.testng.reporters.JUnitReportReporter -->
<testsuite hostname="EDT-168" name="com.BurgerApp.HomePageScripts.TapFavouriteTitleVerifyNoNetworkPopUp" tests="1" failures="0" timestamp="23 Apr 2018 09:11:59 GMT" time="19.107" errors="0">
  <testcase name="TapFavouriteTitleVerifyNoNetworkPopUpScript" time="19.107" classname="com.BurgerApp.HomePageScripts.TapFavouriteTitleVerifyNoNetworkPopUp"/>
</testsuite> <!-- com.BurgerApp.HomePageScripts.TapFavouriteTitleVerifyNoNetworkPopUp -->
