<?xml version="1.0" encoding="UTF-8"?>
<!-- Generated by org.testng.reporters.JUnitReportReporter -->
<testsuite hostname="EDT-168" name="com.BurgerApp.OrderScripts.SearchLocationByInvalidCity" tests="1" failures="0" timestamp="10 Apr 2018 12:24:58 GMT" time="35.766" errors="0">
  <testcase name="VerifyAssertListByOrderScreen" time="35.766" classname="com.BurgerApp.OrderScripts.SearchLocationByInvalidCity"/>
</testsuite> <!-- com.BurgerApp.OrderScripts.SearchLocationByInvalidCity -->
