<?xml version="1.0" encoding="UTF-8"?>
<!-- Generated by org.testng.reporters.JUnitReportReporter -->
<testsuite hostname="EDT-168" name="com.BurgerApp.OrderScripts.VerifyCenteredLocation" tests="1" failures="0" timestamp="9 Apr 2018 08:50:54 GMT" time="44.839" errors="0">
  <testcase name="VerifyVerifyCenteredLocationByCity" time="44.839" classname="com.BurgerApp.OrderScripts.VerifyCenteredLocation"/>
</testsuite> <!-- com.BurgerApp.OrderScripts.VerifyCenteredLocation -->
