<?xml version="1.0" encoding="UTF-8"?>
<!-- Generated by org.testng.reporters.JUnitReportReporter -->
<testsuite hostname="EDT-168" name="com.BurgerApp.HomePageScripts.VerifySignUpAlmostDisagree" tests="1" failures="0" timestamp="10 Apr 2018 05:56:06 GMT" time="51.416" errors="0">
  <testcase name="VerifySignUp" time="51.416" classname="com.BurgerApp.HomePageScripts.VerifySignUpAlmostDisagree"/>
</testsuite> <!-- com.BurgerApp.HomePageScripts.VerifySignUpAlmostDisagree -->
