<?xml version="1.0" encoding="UTF-8"?>
<!-- Generated by org.testng.reporters.JUnitReportReporter -->
<testsuite hostname="EDT-168" name="com.BurgerApp.HomePageScripts.VerifyFacebookSignInWithCredentials" tests="1" failures="0" timestamp="2 Apr 2018 09:32:47 GMT" time="45.081" errors="0">
  <testcase name="VerifyFacebookSignWithCredential" time="45.081" classname="com.BurgerApp.HomePageScripts.VerifyFacebookSignInWithCredentials"/>
</testsuite> <!-- com.BurgerApp.HomePageScripts.VerifyFacebookSignInWithCredentials -->
