<?xml version="1.0" encoding="UTF-8"?>
<!-- Generated by org.testng.reporters.JUnitReportReporter -->
<testsuite hostname="EDT-168" name="com.burger.TestScripts.SearchLocationsbyGPSDisabled" tests="1" failures="0" timestamp="8 Mar 2018 11:31:43 GMT" time="51.719" errors="0">
  <testcase name="SearchLocationbyGPSDisable" time="51.719" classname="com.burger.TestScripts.SearchLocationsbyGPSDisabled"/>
</testsuite> <!-- com.burger.TestScripts.SearchLocationsbyGPSDisabled -->
