<?xml version="1.0" encoding="UTF-8"?>
<!-- Generated by org.testng.reporters.JUnitReportReporter -->
<testsuite hostname="EDT-168" name="com.BurgerApp.LocationScripts.ScrollHorizontalByLocationsCity" tests="1" failures="0" timestamp="3 Apr 2018 09:51:18 GMT" time="47.312" errors="0">
  <testcase name="VerifyLocationbyCity" time="47.312" classname="com.BurgerApp.LocationScripts.ScrollHorizontalByLocationsCity"/>
</testsuite> <!-- com.BurgerApp.LocationScripts.ScrollHorizontalByLocationsCity -->
