<?xml version="1.0" encoding="UTF-8"?>
<!-- Generated by org.testng.reporters.JUnitReportReporter -->
<testsuite hostname="EDT-168" name="com.BurgerApp.OrderScripts.ValidateLocationSearch_CityName" tests="1" failures="0" timestamp="12 Apr 2018 05:38:52 GMT" time="40.536" errors="0">
  <testcase name="VerifyLocationbyCity" time="40.536" classname="com.BurgerApp.OrderScripts.ValidateLocationSearch_CityName"/>
</testsuite> <!-- com.BurgerApp.OrderScripts.ValidateLocationSearch_CityName -->
