<?xml version="1.0" encoding="UTF-8"?>
<!-- Generated by org.testng.reporters.JUnitReportReporter -->
<testsuite hostname="EDT-168" name="com.BurgerApp.LocationScripts.SearchLocationByAddress" tests="1" failures="0" timestamp="10 Apr 2018 07:00:33 GMT" time="37.240" errors="0">
  <testcase name="VerifyLocationbyAddress" time="37.240" classname="com.BurgerApp.LocationScripts.SearchLocationByAddress"/>
</testsuite> <!-- com.BurgerApp.LocationScripts.SearchLocationByAddress -->
