<?xml version="1.0" encoding="UTF-8"?>
<!-- Generated by org.testng.reporters.JUnitReportReporter -->
<testsuite hostname="EDT-168" name="com.BurgerApp.OrderScripts.VerifyMobileOrderingPopupWithOkButton" tests="1" failures="0" timestamp="17 Apr 2018 10:10:41 GMT" time="43.977" errors="0">
  <testcase name="VerifyMobileOrderingPopupWithOkButtonScript" time="43.977" classname="com.BurgerApp.OrderScripts.VerifyMobileOrderingPopupWithOkButton"/>
</testsuite> <!-- com.BurgerApp.OrderScripts.VerifyMobileOrderingPopupWithOkButton -->
