<?xml version="1.0" encoding="UTF-8"?>
<!-- Generated by org.testng.reporters.JUnitReportReporter -->
<testsuite hostname="EDT-168" name="com.BurgerApp.HomePageScripts.VerifyFacebookSignInWithoutCredentials" tests="1" failures="0" timestamp="2 Apr 2018 11:46:00 GMT" time="36.530" errors="0">
  <testcase name="VerifyFacebookSignWithoutCredential" time="36.530" classname="com.BurgerApp.HomePageScripts.VerifyFacebookSignInWithoutCredentials"/>
</testsuite> <!-- com.BurgerApp.HomePageScripts.VerifyFacebookSignInWithoutCredentials -->
