<?xml version="1.0" encoding="UTF-8"?>
<!-- Generated by org.testng.reporters.JUnitReportReporter -->
<testsuite hostname="EDT-168" name="com.BurgerApp.OrderScripts.ValidateLocationSearch_ZipCodeGpsEnabled" tests="1" failures="0" timestamp="12 Apr 2018 05:04:26 GMT" time="37.236" errors="0">
  <testcase name="ValidateLocationSearch_ZipCodeGpsEnabledScript" time="37.236" classname="com.BurgerApp.OrderScripts.ValidateLocationSearch_ZipCodeGpsEnabled"/>
</testsuite> <!-- com.BurgerApp.OrderScripts.ValidateLocationSearch_ZipCodeGpsEnabled -->
