<?xml version="1.0" encoding="UTF-8"?>
<!-- Generated by org.testng.reporters.JUnitReportReporter -->
<testsuite hostname="EDT-168" name="com.BurgerApp.HomePageScripts.VerifyNoNetworkForDeleteButtonMessages" tests="1" failures="0" timestamp="23 Apr 2018 05:22:42 GMT" time="21.751" errors="0">
  <testcase name="VerifyNoNetworkForDeleteButtonMessagesScript" time="21.751" classname="com.BurgerApp.HomePageScripts.VerifyNoNetworkForDeleteButtonMessages"/>
</testsuite> <!-- com.BurgerApp.HomePageScripts.VerifyNoNetworkForDeleteButtonMessages -->
