<?xml version="1.0" encoding="UTF-8"?>
<!-- Generated by org.testng.reporters.JUnitReportReporter -->
<testsuite hostname="EDT-168" name="com.BurgerApp.LocationScripts.VerifyLocationElements" tests="1" failures="0" timestamp="23 Mar 2018 08:53:21 GMT" time="75.954" errors="0">
  <testcase name="VerifyLocations" time="75.954" classname="com.BurgerApp.LocationScripts.VerifyLocationElements"/>
</testsuite> <!-- com.BurgerApp.LocationScripts.VerifyLocationElements -->
