<?xml version="1.0" encoding="UTF-8"?>
<!-- Generated by org.testng.reporters.JUnitReportReporter -->
<testsuite hostname="EDT-168" name="com.burger.TestScripts.VerifyFBLoginSettingsScreen" tests="1" failures="0" timestamp="7 Mar 2018 09:46:49 GMT" time="86.199" errors="0">
  <testcase name="VerifySettingsFacebook" time="86.199" classname="com.burger.TestScripts.VerifyFBLoginSettingsScreen"/>
</testsuite> <!-- com.burger.TestScripts.VerifyFBLoginSettingsScreen -->
