<?xml version="1.0" encoding="UTF-8"?>
<!-- Generated by org.testng.reporters.JUnitReportReporter -->
<testsuite hostname="EDT-168" name="com.BurgerApp.OrderScripts.ValidateLocationSearch_StateName" tests="1" failures="0" timestamp="12 Apr 2018 08:44:11 GMT" time="0.000" errors="1">
  <testcase name="ValidateLocationSearch_StateNameScript" time="0.000" classname="com.BurgerApp.OrderScripts.ValidateLocationSearch_StateName"/>
</testsuite> <!-- com.BurgerApp.OrderScripts.ValidateLocationSearch_StateName -->
