<?xml version="1.0" encoding="UTF-8"?>
<!-- Generated by org.testng.reporters.JUnitReportReporter -->
<testsuite hostname="EDT-168" name="com.BurgerApp.OrderScripts.GpsEnabled_Wifi_Off_VerifyNetworkPopup" tests="1" failures="0" timestamp="13 Apr 2018 07:48:30 GMT" time="24.674" errors="0">
  <testcase name="GpsEnabled_Wifi_Off_VerifyNetworkPopupScript" time="24.674" classname="com.BurgerApp.OrderScripts.GpsEnabled_Wifi_Off_VerifyNetworkPopup"/>
</testsuite> <!-- com.BurgerApp.OrderScripts.GpsEnabled_Wifi_Off_VerifyNetworkPopup -->
