<?xml version="1.0" encoding="UTF-8"?>
<!-- Generated by org.testng.reporters.JUnitReportReporter -->
<testsuite hostname="EDT-168" name="com.BurgerApp.HomePageScripts.VerifyLocationElements" tests="1" failures="0" timestamp="14 Mar 2018 07:01:14 GMT" time="61.326" errors="0">
  <testcase name="VerifyLocations" time="61.326" classname="com.BurgerApp.HomePageScripts.VerifyLocationElements"/>
</testsuite> <!-- com.BurgerApp.HomePageScripts.VerifyLocationElements -->
