<?xml version="1.0" encoding="UTF-8"?>
<!-- Generated by org.testng.reporters.JUnitReportReporter -->
<testsuite hostname="EDT-168" name="com.BurgerApp.LocationScripts.SearchLocationByZipCode" tests="1" failures="0" timestamp="10 Apr 2018 07:18:32 GMT" time="38.298" errors="0">
  <testcase name="VerifyLocationbyZipCode" time="38.298" classname="com.BurgerApp.LocationScripts.SearchLocationByZipCode"/>
</testsuite> <!-- com.BurgerApp.LocationScripts.SearchLocationByZipCode -->
