<?xml version="1.0" encoding="UTF-8"?>
<!-- Generated by org.testng.reporters.JUnitReportReporter -->
<testsuite hostname="EDT-168" name="com.BurgerApp.OrderScripts.ValidateUnFavoriteLocation" tests="1" failures="0" timestamp="16 Apr 2018 08:47:53 GMT" time="38.324" errors="0">
  <testcase name="ValidateUnFavoriteLocationScript" time="38.324" classname="com.BurgerApp.OrderScripts.ValidateUnFavoriteLocation"/>
</testsuite> <!-- com.BurgerApp.OrderScripts.ValidateUnFavoriteLocation -->
