<?xml version="1.0" encoding="UTF-8"?>
<!-- Generated by org.testng.reporters.JUnitReportReporter -->
<testsuite hostname="EDT-168" name="com.BurgerApp.LocationScripts.VerifySelectPickupScreenByGpsDisabled" tests="1" failures="0" timestamp="10 Apr 2018 13:03:58 GMT" time="25.724" errors="0">
  <testcase name="SearchLocationbyGPSDisable" time="25.724" classname="com.BurgerApp.LocationScripts.VerifySelectPickupScreenByGpsDisabled"/>
</testsuite> <!-- com.BurgerApp.LocationScripts.VerifySelectPickupScreenByGpsDisabled -->
