<?xml version="1.0" encoding="UTF-8"?>
<!-- Generated by org.testng.reporters.JUnitReportReporter -->
<testsuite hostname="EDT-168" name="com.BurgerApp.OrderScripts.VerifyDriveThruPickUpMethod" tests="1" failures="0" timestamp="11 Apr 2018 09:14:02 GMT" time="176.443" errors="0">
  <testcase name="VerifyDriveThru" time="176.443" classname="com.BurgerApp.OrderScripts.VerifyDriveThruPickUpMethod"/>
</testsuite> <!-- com.BurgerApp.OrderScripts.VerifyDriveThruPickUpMethod -->
