<?xml version="1.0" encoding="UTF-8"?>
<!-- Generated by org.testng.reporters.JUnitReportReporter -->
<testsuite hostname="EDT-168" name="com.burger.TestScripts.VerifyFacebookSignUp" tests="1" failures="0" timestamp="5 Mar 2018 04:41:37 GMT" time="56.614" errors="0">
  <testcase name="VerifyFacebook" time="56.614" classname="com.burger.TestScripts.VerifyFacebookSignUp"/>
</testsuite> <!-- com.burger.TestScripts.VerifyFacebookSignUp -->
