<?xml version="1.0" encoding="UTF-8"?>
<!-- Generated by org.testng.reporters.JUnitReportReporter -->
<testsuite hostname="EDT-168" name="com.BurgerApp.HomePageScripts.MessagesVerifyNoNetworkPopupFromHomeScreen" tests="1" failures="0" timestamp="18 Apr 2018 07:13:20 GMT" time="18.734" errors="0">
  <testcase name="MessagesVerifyNoNetworkPopupFromHomeScreenScript" time="18.734" classname="com.BurgerApp.HomePageScripts.MessagesVerifyNoNetworkPopupFromHomeScreen"/>
</testsuite> <!-- com.BurgerApp.HomePageScripts.MessagesVerifyNoNetworkPopupFromHomeScreen -->
