<?xml version="1.0" encoding="UTF-8"?>
<!-- Generated by org.testng.reporters.JUnitReportReporter -->
<testsuite hostname="EDT-168" name="com.burger.TestScripts.VerifyFacebookSignIn" tests="1" failures="0" timestamp="7 Mar 2018 11:04:55 GMT" time="47.865" errors="0">
  <testcase name="VerifyFacebookSign" time="47.865" classname="com.burger.TestScripts.VerifyFacebookSignIn"/>
</testsuite> <!-- com.burger.TestScripts.VerifyFacebookSignIn -->
