<?xml version="1.0" encoding="UTF-8"?>
<!-- Generated by org.testng.reporters.JUnitReportReporter -->
<testsuite hostname="EDT-168" name="com.BurgerApp.OrderScripts.RefreshMapLocation" tests="1" failures="0" timestamp="10 Apr 2018 05:03:36 GMT" time="75.334" errors="0">
  <testcase name="VerifyVerifyCenteredLocationByCity" time="75.334" classname="com.BurgerApp.OrderScripts.RefreshMapLocation"/>
</testsuite> <!-- com.BurgerApp.OrderScripts.RefreshMapLocation -->
