<?xml version="1.0" encoding="UTF-8"?>
<!-- Generated by org.testng.reporters.JUnitReportReporter -->
<testsuite hostname="EDT-168" name="com.BurgerApp.OrderScripts.ValidateAddFavoriteLocationInSelectLocationPickUpScreen" tests="1" failures="0" timestamp="11 Apr 2018 12:26:41 GMT" time="40.008" errors="0">
  <testcase name="ValidateAddFavoriteLocationInSelectLocationPickUpScreenScript" time="40.008" classname="com.BurgerApp.OrderScripts.ValidateAddFavoriteLocationInSelectLocationPickUpScreen"/>
</testsuite> <!-- com.BurgerApp.OrderScripts.ValidateAddFavoriteLocationInSelectLocationPickUpScreen -->
