<?xml version="1.0" encoding="UTF-8"?>
<!-- Generated by org.testng.reporters.JUnitReportReporter -->
<testsuite hostname="EDT-168" name="com.BurgerApp.OrderScripts.GpsDisableVerifyNoNetworkPopUpOnHeartTapOrderScreen" tests="1" failures="0" timestamp="16 Apr 2018 06:16:23 GMT" time="42.667" errors="0">
  <testcase name="VerifyNoNetworkPopUp_OnHeartTapOrderScreenScript" time="42.667" classname="com.BurgerApp.OrderScripts.GpsDisableVerifyNoNetworkPopUpOnHeartTapOrderScreen"/>
</testsuite> <!-- com.BurgerApp.OrderScripts.GpsDisableVerifyNoNetworkPopUpOnHeartTapOrderScreen -->
