<?xml version="1.0" encoding="UTF-8"?>
<!-- Generated by org.testng.reporters.JUnitReportReporter -->
<testsuite hostname="EDT-168" name="com.BurgerApp.OrderScripts.VerifyDineInPickUpMethod" tests="1" failures="0" timestamp="16 Apr 2018 11:23:42 GMT" time="124.359" errors="0">
  <testcase name="VerifyDienIn" time="124.359" classname="com.BurgerApp.OrderScripts.VerifyDineInPickUpMethod"/>
</testsuite> <!-- com.BurgerApp.OrderScripts.VerifyDineInPickUpMethod -->
