<?xml version="1.0" encoding="UTF-8"?>
<!-- Generated by org.testng.reporters.JUnitReportReporter -->
<testsuite hostname="EDT-168" name="com.BurgerApp.HomePageScripts.TapDeleteButtonEditFavouriteScreenVerifyNoNetworkPopUp" tests="1" failures="0" timestamp="23 Apr 2018 10:46:57 GMT" time="25.596" errors="0">
  <testcase name="TapDeleteButtonEditFavouriteScreenVerifyNoNetworkPopUpScript" time="25.596" classname="com.BurgerApp.HomePageScripts.TapDeleteButtonEditFavouriteScreenVerifyNoNetworkPopUp"/>
</testsuite> <!-- com.BurgerApp.HomePageScripts.TapDeleteButtonEditFavouriteScreenVerifyNoNetworkPopUp -->
