<?xml version="1.0" encoding="UTF-8"?>
<!-- Generated by org.testng.reporters.JUnitReportReporter -->
<testsuite hostname="EDT-168" name="com.burger.TestScripts.VerifyFacebookSignInWithoutCredentials" tests="1" failures="0" timestamp="8 Mar 2018 10:40:02 GMT" time="68.108" errors="0">
  <testcase name="VerifyFacebookSignWithoutCredential" time="68.108" classname="com.burger.TestScripts.VerifyFacebookSignInWithoutCredentials"/>
</testsuite> <!-- com.burger.TestScripts.VerifyFacebookSignInWithoutCredentials -->
