<?xml version="1.0" encoding="UTF-8"?>
<!-- Generated by org.testng.reporters.JUnitReportReporter -->
<testsuite hostname="EDT-168" name="com.BurgerApp.LocationScripts.VeryGpsEnabled" tests="1" failures="0" timestamp="26 Mar 2018 10:56:09 GMT" time="0.000" errors="1">
  <testcase name="VerifyLocationbyAddress" time="0.000" classname="com.BurgerApp.LocationScripts.VeryGpsEnabled"/>
</testsuite> <!-- com.BurgerApp.LocationScripts.VeryGpsEnabled -->
