<?xml version="1.0" encoding="UTF-8"?>
<!-- Generated by org.testng.reporters.JUnitReportReporter -->
<testsuite hostname="EDT-168" name="com.burger.TestScripts.VerifySignUpAlmostDisagree" tests="1" failures="0" timestamp="7 Mar 2018 09:52:00 GMT" time="50.436" errors="0">
  <testcase name="VerifySignUp" time="50.436" classname="com.burger.TestScripts.VerifySignUpAlmostDisagree"/>
</testsuite> <!-- com.burger.TestScripts.VerifySignUpAlmostDisagree -->
