<?xml version="1.0" encoding="UTF-8"?>
<!-- Generated by org.testng.reporters.JUnitReportReporter -->
<testsuite hostname="EDT-168" name="com.BurgerApp.OrderScripts.SearchLocationByInvalidZipcode" tests="1" failures="0" timestamp="10 Apr 2018 12:15:34 GMT" time="37.135" errors="0">
  <testcase name="VerifyAssertListByOrderScreen" time="37.135" classname="com.BurgerApp.OrderScripts.SearchLocationByInvalidZipcode"/>
</testsuite> <!-- com.BurgerApp.OrderScripts.SearchLocationByInvalidZipcode -->
