<?xml version="1.0" encoding="UTF-8"?>
<!-- Generated by org.testng.reporters.JUnitReportReporter -->
<testsuite hostname="EDT-168" name="com.BurgerApp.LocationScripts.SearchLocationsbyGPSDisabled" tests="1" failures="0" timestamp="10 Apr 2018 07:20:44 GMT" time="34.474" errors="0">
  <testcase name="SearchLocationbyGPSDisable" time="34.474" classname="com.BurgerApp.LocationScripts.SearchLocationsbyGPSDisabled"/>
</testsuite> <!-- com.BurgerApp.LocationScripts.SearchLocationsbyGPSDisabled -->
