<?xml version="1.0" encoding="UTF-8"?>
<!-- Generated by org.testng.reporters.JUnitReportReporter -->
<testsuite hostname="EDT-168" name="com.BurgerApp.OrderScripts.ValidateLocationSearch_ValidAddress" tests="1" failures="0" timestamp="12 Apr 2018 05:29:30 GMT" time="37.639" errors="0">
  <testcase name="ValidateLocationSearch_ValidAddressScript" time="37.639" classname="com.BurgerApp.OrderScripts.ValidateLocationSearch_ValidAddress"/>
</testsuite> <!-- com.BurgerApp.OrderScripts.ValidateLocationSearch_ValidAddress -->
