<?xml version="1.0" encoding="UTF-8"?>
<!-- Generated by org.testng.reporters.JUnitReportReporter -->
<testsuite hostname="EDT-168" name="com.BurgerApp.LocationScripts.VerifyOrderScreenFromLocationUnitId" tests="1" failures="0" timestamp="3 Apr 2018 12:41:21 GMT" time="54.288" errors="0">
  <testcase name="VerifyOrderScreen" time="54.288" classname="com.BurgerApp.LocationScripts.VerifyOrderScreenFromLocationUnitId"/>
</testsuite> <!-- com.BurgerApp.LocationScripts.VerifyOrderScreenFromLocationUnitId -->
