<?xml version="1.0" encoding="UTF-8"?>
<!-- Generated by org.testng.reporters.JUnitReportReporter -->
<testsuite hostname="EDT-168" name="com.BurgerApp.HomePageScripts.VerifyNoNetworkOnTapRenameContinueButton" tests="1" failures="0" timestamp="23 Apr 2018 11:30:10 GMT" time="23.648" errors="0">
  <testcase name="VerifyNoNetworkOnTapRenameContinueButtonScript" time="23.648" classname="com.BurgerApp.HomePageScripts.VerifyNoNetworkOnTapRenameContinueButton"/>
</testsuite> <!-- com.BurgerApp.HomePageScripts.VerifyNoNetworkOnTapRenameContinueButton -->
