<?xml version="1.0" encoding="UTF-8"?>
<!-- Generated by org.testng.reporters.JUnitReportReporter -->
<testsuite hostname="EDT-168" name="com.BurgerApp.OrderScripts.GpsDisable_VerifyPostSignInDonNotAskMessageNotDisplayed" tests="1" failures="0" timestamp="16 Apr 2018 04:58:40 GMT" time="57.567" errors="0">
  <testcase name="GpsDisable_VerifyPostSignInDonNotAskMessageNotDisplayedScript" time="57.567" classname="com.BurgerApp.OrderScripts.GpsDisable_VerifyPostSignInDonNotAskMessageNotDisplayed"/>
</testsuite> <!-- com.BurgerApp.OrderScripts.GpsDisable_VerifyPostSignInDonNotAskMessageNotDisplayed -->
