<?xml version="1.0" encoding="UTF-8"?>
<!-- Generated by org.testng.reporters.JUnitReportReporter -->
<testsuite hostname="EDT-168" name="com.BurgerApp.OrderScripts.SearchLocationByInvalidAddress" tests="1" failures="0" timestamp="12 Apr 2018 05:09:39 GMT" time="36.143" errors="0">
  <testcase name="VerifyAssertListByOrderScreen" time="36.143" classname="com.BurgerApp.OrderScripts.SearchLocationByInvalidAddress"/>
</testsuite> <!-- com.BurgerApp.OrderScripts.SearchLocationByInvalidAddress -->
