<?xml version="1.0" encoding="UTF-8"?>
<!-- Generated by org.testng.reporters.JUnitReportReporter -->
<testsuite hostname="EDT-168" name="com.BurgerApp.HomePageScripts.VerifySignupGoolgePlusYearChange" tests="1" failures="0" timestamp="22 Mar 2018 11:21:30 GMT" time="66.046" errors="0">
  <testcase name="VerifySignUp" time="66.046" classname="com.BurgerApp.HomePageScripts.VerifySignupGoolgePlusYearChange"/>
</testsuite> <!-- com.BurgerApp.HomePageScripts.VerifySignupGoolgePlusYearChange -->
