<?xml version="1.0" encoding="UTF-8"?>
<!-- Generated by org.testng.reporters.JUnitReportReporter -->
<testsuite hostname="EDT-168" name="com.BurgerApp.OrderScripts.FakeGpsValidateBy_CityName" tests="1" failures="0" timestamp="12 Apr 2018 07:43:03 GMT" time="29.239" errors="0">
  <testcase name="FakeGpsValidateBy_CityNameScript" time="29.239" classname="com.BurgerApp.OrderScripts.FakeGpsValidateBy_CityName"/>
</testsuite> <!-- com.BurgerApp.OrderScripts.FakeGpsValidateBy_CityName -->
