<?xml version="1.0" encoding="UTF-8"?>
<!-- Generated by org.testng.reporters.JUnitReportReporter -->
<testsuite hostname="EDT-168" name="com.BurgerApp.HomePageScripts.VerifyNoNetworkPopUpFromMessageScreen" tests="1" failures="0" timestamp="19 Apr 2018 06:45:20 GMT" time="39.760" errors="0">
  <testcase name="VerifyNoNetworkPopUpFromMessageScreenScript" time="39.760" classname="com.BurgerApp.HomePageScripts.VerifyNoNetworkPopUpFromMessageScreen"/>
</testsuite> <!-- com.BurgerApp.HomePageScripts.VerifyNoNetworkPopUpFromMessageScreen -->
