<?xml version="1.0" encoding="UTF-8"?>
<!-- Generated by org.testng.reporters.JUnitReportReporter -->
<testsuite hostname="EDT-168" name="com.BurgerApp.LocationScripts.SearchLocationByUnitId" tests="1" failures="0" timestamp="10 Apr 2018 07:15:05 GMT" time="39.406" errors="0">
  <testcase name="VerifyLocationbyZipCode" time="39.406" classname="com.BurgerApp.LocationScripts.SearchLocationByUnitId"/>
</testsuite> <!-- com.BurgerApp.LocationScripts.SearchLocationByUnitId -->
