<?xml version="1.0" encoding="UTF-8"?>
<!-- Generated by org.testng.reporters.JUnitReportReporter -->
<testsuite hostname="EDT-168" name="com.BurgerApp.HomePageScripts.VerifyHomeScreenWithoutSignIn" tests="1" failures="0" timestamp="9 Apr 2018 12:23:17 GMT" time="8.158" errors="0">
  <testcase name="VerifyHomeScreenWithoutSignin" time="8.158" classname="com.BurgerApp.HomePageScripts.VerifyHomeScreenWithoutSignIn"/>
</testsuite> <!-- com.BurgerApp.HomePageScripts.VerifyHomeScreenWithoutSignIn -->
