<?xml version="1.0" encoding="UTF-8"?>
<!-- Generated by org.testng.reporters.JUnitReportReporter -->
<testsuite hostname="EDT-168" name="com.burger.TestScripts.VerifyFacebookSignInWithCredentials" tests="1" failures="0" timestamp="8 Mar 2018 10:37:45 GMT" time="56.384" errors="0">
  <testcase name="VerifyFacebookSign" time="56.384" classname="com.burger.TestScripts.VerifyFacebookSignInWithCredentials"/>
</testsuite> <!-- com.burger.TestScripts.VerifyFacebookSignInWithCredentials -->
