<?xml version="1.0" encoding="UTF-8"?>
<!-- Generated by org.testng.reporters.JUnitReportReporter -->
<testsuite hostname="EDT-168" name="com.BurgerApp.HomePageScripts.TapOnUnreadButtonMessagesScreen" tests="1" failures="0" timestamp="23 Apr 2018 04:57:28 GMT" time="59.992" errors="0">
  <testcase name="TapOnUnreadButtonMessagesScreenScript" time="59.992" classname="com.BurgerApp.HomePageScripts.TapOnUnreadButtonMessagesScreen"/>
</testsuite> <!-- com.BurgerApp.HomePageScripts.TapOnUnreadButtonMessagesScreen -->
