<?xml version="1.0" encoding="UTF-8"?>
<!-- Generated by org.testng.reporters.JUnitReportReporter -->
<testsuite hostname="EDT-168" name="com.BurgerApp.LocationScripts.VerifyOrderScreenFromLocations" tests="1" failures="0" timestamp="3 Apr 2018 11:46:38 GMT" time="52.795" errors="0">
  <testcase name="VerifyOrderScreen" time="52.795" classname="com.BurgerApp.LocationScripts.VerifyOrderScreenFromLocations"/>
</testsuite> <!-- com.BurgerApp.LocationScripts.VerifyOrderScreenFromLocations -->
