<?xml version="1.0" encoding="UTF-8"?>
<!-- Generated by org.testng.reporters.JUnitReportReporter -->
<testsuite hostname="EDT-168" name="com.BurgerApp.LocationScripts.VerifyOrderScreenFromLocationCity" tests="1" failures="0" timestamp="3 Apr 2018 12:38:24 GMT" time="47.702" errors="0">
  <testcase name="VerifyOrderScreenFromLocationByCity" time="47.702" classname="com.BurgerApp.LocationScripts.VerifyOrderScreenFromLocationCity"/>
</testsuite> <!-- com.BurgerApp.LocationScripts.VerifyOrderScreenFromLocationCity -->
