<?xml version="1.0" encoding="UTF-8"?>
<!-- Generated by org.testng.reporters.JUnitReportReporter -->
<testsuite hostname="EDT-168" name="com.BurgerApp.OrderScripts.GpsEnableValidateLocationsSwitch_MobileOrder" tests="1" failures="0" timestamp="12 Apr 2018 11:30:09 GMT" time="39.825" errors="0">
  <testcase name="VerifyAssertListByOrderScreen" time="39.825" classname="com.BurgerApp.OrderScripts.GpsEnableValidateLocationsSwitch_MobileOrder"/>
</testsuite> <!-- com.BurgerApp.OrderScripts.GpsEnableValidateLocationsSwitch_MobileOrder -->
