<?xml version="1.0" encoding="UTF-8"?>
<!-- Generated by org.testng.reporters.JUnitReportReporter -->
<testsuite hostname="EDT-168" name="com.BurgerApp.LocationScripts.SearchLocationByCity" tests="1" failures="0" timestamp="10 Apr 2018 07:02:01 GMT" time="38.049" errors="0">
  <testcase name="VerifyLocationbyCity" time="38.049" classname="com.BurgerApp.LocationScripts.SearchLocationByCity"/>
</testsuite> <!-- com.BurgerApp.LocationScripts.SearchLocationByCity -->
