<?xml version="1.0" encoding="UTF-8"?>
<!-- Generated by org.testng.reporters.JUnitReportReporter -->
<testsuite hostname="EDT-168" name="com.burger.TestScripts.VerifySignUpGooglePlus" tests="1" failures="0" timestamp="7 Mar 2018 09:50:30 GMT" time="31.060" errors="0">
  <testcase name="VerifySignUp" time="31.060" classname="com.burger.TestScripts.VerifySignUpGooglePlus"/>
</testsuite> <!-- com.burger.TestScripts.VerifySignUpGooglePlus -->
