<?xml version="1.0" encoding="UTF-8"?>
<!-- Generated by org.testng.reporters.JUnitReportReporter -->
<testsuite hostname="EDT-168" name="com.BurgerApp.OrderScripts.GpsDisabledDineInFilterVerify_DineIn" tests="1" failures="0" timestamp="13 Apr 2018 11:03:05 GMT" time="42.300" errors="0">
  <testcase name="GpsDisabledDineInFilterVerify_DineInScript" time="42.300" classname="com.BurgerApp.OrderScripts.GpsDisabledDineInFilterVerify_DineIn"/>
</testsuite> <!-- com.BurgerApp.OrderScripts.GpsDisabledDineInFilterVerify_DineIn -->
