<?xml version="1.0" encoding="UTF-8"?>
<!-- Generated by org.testng.reporters.JUnitReportReporter -->
<testsuite hostname="EDT-168" name="com.BurgerApp.OrderScripts.ValidateLocationSearchInSelectLocationPickUpScreen" tests="1" failures="0" timestamp="11 Apr 2018 11:48:58 GMT" time="40.211" errors="0">
  <testcase name="ValidateLocationPickUpScreenUIScript" time="40.211" classname="com.BurgerApp.OrderScripts.ValidateLocationSearchInSelectLocationPickUpScreen"/>
</testsuite> <!-- com.BurgerApp.OrderScripts.ValidateLocationSearchInSelectLocationPickUpScreen -->
