<?xml version="1.0" encoding="UTF-8"?>
<!-- Generated by org.testng.reporters.JUnitReportReporter -->
<testsuite hostname="EDT-168" name="com.BurgerApp.HomePageScripts.SearchLocationsbyGPSDisabled" tests="1" failures="0" timestamp="22 Mar 2018 11:53:58 GMT" time="58.522" errors="0">
  <testcase name="SearchLocationbyGPSDisable" time="58.522" classname="com.BurgerApp.HomePageScripts.SearchLocationsbyGPSDisabled"/>
</testsuite> <!-- com.BurgerApp.HomePageScripts.SearchLocationsbyGPSDisabled -->
