<?xml version="1.0" encoding="UTF-8"?>
<!-- Generated by org.testng.reporters.JUnitReportReporter -->
<testsuite hostname="EDT-168" name="com.BurgerApp.OrderScripts.ValidateLocationSearch_AddressWithGPSEnabled" tests="1" failures="0" timestamp="12 Apr 2018 04:51:09 GMT" time="37.575" errors="0">
  <testcase name="ValidateLocationSearch_ValidAddressScript" time="37.575" classname="com.BurgerApp.OrderScripts.ValidateLocationSearch_AddressWithGPSEnabled"/>
</testsuite> <!-- com.BurgerApp.OrderScripts.ValidateLocationSearch_AddressWithGPSEnabled -->
