<?xml version="1.0" encoding="UTF-8"?>
<!-- Generated by org.testng.reporters.JUnitReportReporter -->
<testsuite hostname="EDT-168" name="com.BurgerApp.HomePageScripts.MessagesVerifyNoNetworkForUnAauthenticatedUser" tests="1" failures="0" timestamp="20 Apr 2018 12:17:36 GMT" time="21.722" errors="0">
  <testcase name="MessagesVerifyNoNetworkForUnAauthenticatedUserScript" time="21.722" classname="com.BurgerApp.HomePageScripts.MessagesVerifyNoNetworkForUnAauthenticatedUser"/>
</testsuite> <!-- com.BurgerApp.HomePageScripts.MessagesVerifyNoNetworkForUnAauthenticatedUser -->
