<?xml version="1.0" encoding="UTF-8"?>
<!-- Generated by org.testng.reporters.JUnitReportReporter -->
<testsuite hostname="EDT-168" name="com.BurgerApp.OrderScripts.VerifyTakeOutPickUpMethod" tests="1" failures="0" timestamp="16 Apr 2018 11:28:47 GMT" time="131.584" errors="0">
  <testcase name="VerifyTakeOut" time="131.584" classname="com.BurgerApp.OrderScripts.VerifyTakeOutPickUpMethod"/>
</testsuite> <!-- com.BurgerApp.OrderScripts.VerifyTakeOutPickUpMethod -->
