<?xml version="1.0" encoding="UTF-8"?>
<!-- Generated by org.testng.reporters.JUnitReportReporter -->
<testsuite hostname="EDT-168" name="com.burger.TestScripts.VerifySignUpAlmostFields" tests="1" failures="0" timestamp="7 Mar 2018 05:24:03 GMT" time="17.658" errors="0">
  <testcase name="VerifySignUpAlmostField" time="17.658" classname="com.burger.TestScripts.VerifySignUpAlmostFields"/>
</testsuite> <!-- com.burger.TestScripts.VerifySignUpAlmostFields -->
