<?xml version="1.0" encoding="UTF-8"?>
<!-- Generated by org.testng.reporters.JUnitReportReporter -->
<testsuite hostname="EDT-168" name="com.BurgerApp.LocationScripts.VerifyGpsEnabledLocation" tests="1" failures="0" timestamp="10 Apr 2018 07:28:25 GMT" time="28.384" errors="0">
  <testcase name="VerifyLocationbyAddress" time="28.384" classname="com.BurgerApp.LocationScripts.VerifyGpsEnabledLocation"/>
</testsuite> <!-- com.BurgerApp.LocationScripts.VerifyGpsEnabledLocation -->
