<?xml version="1.0" encoding="UTF-8"?>
<!-- Generated by org.testng.reporters.JUnitReportReporter -->
<testsuite hostname="EDT-168" name="com.BurgerApp.HomePageScripts.ValidateNoNetworkPopUpSignInWithValidCredential" tests="1" failures="0" timestamp="25 Apr 2018 09:16:01 GMT" time="20.072" errors="0">
  <testcase name="ValidateNoNetworkPopUpSignInWithValidCredentialScript" time="20.072" classname="com.BurgerApp.HomePageScripts.ValidateNoNetworkPopUpSignInWithValidCredential"/>
</testsuite> <!-- com.BurgerApp.HomePageScripts.ValidateNoNetworkPopUpSignInWithValidCredential -->
