<?xml version="1.0" encoding="UTF-8"?>
<!-- Generated by org.testng.reporters.JUnitReportReporter -->
<testsuite hostname="EDT-168" name="com.BurgerApp.OrderScripts.ValidateBackButton_WithStartNewOrder" tests="1" failures="0" timestamp="12 Apr 2018 09:58:26 GMT" time="38.136" errors="0">
  <testcase name="ValidateBackButton_WithStartNewOrder_Script" time="38.136" classname="com.BurgerApp.OrderScripts.ValidateBackButton_WithStartNewOrder"/>
</testsuite> <!-- com.BurgerApp.OrderScripts.ValidateBackButton_WithStartNewOrder -->
