<?xml version="1.0" encoding="UTF-8"?>
<!-- Generated by org.testng.reporters.JUnitReportReporter -->
<testsuite hostname="EDT-168" name="com.BurgerApp.OrderScripts.ValidateLocationPickUpScreenUI" tests="1" failures="0" timestamp="11 Apr 2018 10:56:27 GMT" time="32.378" errors="0">
  <testcase name="ValidateLocationPickUpScreenUIScript" time="32.378" classname="com.BurgerApp.OrderScripts.ValidateLocationPickUpScreenUI"/>
</testsuite> <!-- com.BurgerApp.OrderScripts.ValidateLocationPickUpScreenUI -->
