<?xml version="1.0" encoding="UTF-8"?>
<!-- Generated by org.testng.reporters.JUnitReportReporter -->
<testsuite hostname="EDT-168" name="com.BurgerApp.LocationScripts.ScrollHorizontalByLocationUnitId" tests="1" failures="0" timestamp="3 Apr 2018 11:41:12 GMT" time="0.000" errors="1">
  <testcase name="VerifyLocationbyCity" time="0.000" classname="com.BurgerApp.LocationScripts.ScrollHorizontalByLocationUnitId"/>
</testsuite> <!-- com.BurgerApp.LocationScripts.ScrollHorizontalByLocationUnitId -->
