<?xml version="1.0" encoding="UTF-8"?>
<!-- Generated by org.testng.reporters.JUnitReportReporter -->
<testsuite hostname="EDT-168" name="com.BurgerApp.HomePageScripts.GpsDisabled_VerifyNoNetworkPopupMessagesHamburgMenu" tests="1" failures="0" timestamp="18 Apr 2018 05:00:24 GMT" time="19.023" errors="0">
  <testcase name="VerifyNoNetworkPopupMessagesHamburgMenuScript" time="19.023" classname="com.BurgerApp.HomePageScripts.GpsDisabled_VerifyNoNetworkPopupMessagesHamburgMenu"/>
</testsuite> <!-- com.BurgerApp.HomePageScripts.GpsDisabled_VerifyNoNetworkPopupMessagesHamburgMenu -->
