<?xml version="1.0" encoding="UTF-8"?>
<!-- Generated by org.testng.reporters.JUnitReportReporter -->
<testsuite hostname="EDT-168" name="com.BurgerApp.HomePageScripts.TapUpdateFromFavriteScreenVerifyNoNetwork" tests="1" failures="0" timestamp="25 Apr 2018 09:25:57 GMT" time="50.387" errors="0">
  <testcase name="TapUpdateFromFavriteScreenVerifyNoNetworkScript" time="50.387" classname="com.BurgerApp.HomePageScripts.TapUpdateFromFavriteScreenVerifyNoNetwork"/>
</testsuite> <!-- com.BurgerApp.HomePageScripts.TapUpdateFromFavriteScreenVerifyNoNetwork -->
