<?xml version="1.0" encoding="UTF-8"?>
<!-- Generated by org.testng.reporters.JUnitReportReporter -->
<testsuite hostname="EDT-168" name="com.BurgerApp.OrderScripts.ValidateLocationSearch_CityGpsEnabled" tests="1" failures="0" timestamp="12 Apr 2018 04:55:11 GMT" time="36.397" errors="0">
  <testcase name="ValidateLocationSearch_CityGpsEnabledScript" time="36.397" classname="com.BurgerApp.OrderScripts.ValidateLocationSearch_CityGpsEnabled"/>
</testsuite> <!-- com.BurgerApp.OrderScripts.ValidateLocationSearch_CityGpsEnabled -->
