<?xml version="1.0" encoding="UTF-8"?>
<!-- Generated by org.testng.reporters.JUnitReportReporter -->
<testsuite hostname="EDT-168" name="com.BurgerApp.OrderScripts.GpsDisabled_WifiOff_RefreshTapVerifyNoNetworkConnection" tests="1" failures="0" timestamp="13 Apr 2018 12:06:47 GMT" time="26.613" errors="0">
  <testcase name="GpsDisabled_WifiOff_RefreshTapVerifyNoNetworkConnectionScript" time="26.613" classname="com.BurgerApp.OrderScripts.GpsDisabled_WifiOff_RefreshTapVerifyNoNetworkConnection"/>
</testsuite> <!-- com.BurgerApp.OrderScripts.GpsDisabled_WifiOff_RefreshTapVerifyNoNetworkConnection -->
