<?xml version="1.0" encoding="UTF-8"?>
<!-- Generated by org.testng.reporters.JUnitReportReporter -->
<testsuite hostname="EDT-168" name="com.BurgerApp.HomePageScripts.TapEditFavouriteHamburgMenuVerifyNoNetworkPopUp" tests="1" failures="0" timestamp="23 Apr 2018 10:05:21 GMT" time="20.180" errors="0">
  <testcase name="TapEditFavouriteHamburgMenuVerifyNoNetworkPopUpScript" time="20.180" classname="com.BurgerApp.HomePageScripts.TapEditFavouriteHamburgMenuVerifyNoNetworkPopUp"/>
</testsuite> <!-- com.BurgerApp.HomePageScripts.TapEditFavouriteHamburgMenuVerifyNoNetworkPopUp -->
