<?xml version="1.0" encoding="UTF-8"?>
<!-- Generated by org.testng.reporters.JUnitReportReporter -->
<testsuite hostname="EDT-168" name="com.BurgerApp.HomePageScripts.VerifyFBWithoutCredentialSettingsScreen" tests="1" failures="0" timestamp="2 Apr 2018 12:11:21 GMT" time="39.651" errors="0">
  <testcase name="VerifySettingsFacebook" time="39.651" classname="com.BurgerApp.HomePageScripts.VerifyFBWithoutCredentialSettingsScreen"/>
</testsuite> <!-- com.BurgerApp.HomePageScripts.VerifyFBWithoutCredentialSettingsScreen -->
