<?xml version="1.0" encoding="UTF-8"?>
<!-- Generated by org.testng.reporters.JUnitReportReporter -->
<testsuite hostname="EDT-168" name="com.burger.TestScripts.SearchLocationsGPSEnabled" tests="1" failures="0" timestamp="8 Mar 2018 08:35:58 GMT" time="11.630" errors="0">
  <testcase name="SearchLocationsGPSEnable" time="11.630" classname="com.burger.TestScripts.SearchLocationsGPSEnabled"/>
</testsuite> <!-- com.burger.TestScripts.SearchLocationsGPSEnabled -->
