<?xml version="1.0" encoding="UTF-8"?>
<!-- Generated by org.testng.reporters.JUnitReportReporter -->
<testsuite hostname="EDT-168" name="com.burger.TestScripts.VerifySignupGoolgePlusYearChange" tests="1" failures="0" timestamp="8 Mar 2018 10:31:43 GMT" time="79.540" errors="0">
  <testcase name="VerifySignUp" time="79.540" classname="com.burger.TestScripts.VerifySignupGoolgePlusYearChange"/>
</testsuite> <!-- com.burger.TestScripts.VerifySignupGoolgePlusYearChange -->
