<?xml version="1.0" encoding="UTF-8"?>
<!-- Generated by org.testng.reporters.JUnitReportReporter -->
<testsuite hostname="EDT-168" name="com.BurgerApp.OrderScripts.GpsDisabledVerifyDineInDriveThru_Earn" tests="1" failures="0" timestamp="13 Apr 2018 11:16:24 GMT" time="45.350" errors="0">
  <testcase name="GpsDisabledVerifyDineInDriveThru_EarnScript" time="45.350" classname="com.BurgerApp.OrderScripts.GpsDisabledVerifyDineInDriveThru_Earn"/>
</testsuite> <!-- com.BurgerApp.OrderScripts.GpsDisabledVerifyDineInDriveThru_Earn -->
