<?xml version="1.0" encoding="UTF-8"?>
<!-- Generated by org.testng.reporters.JUnitReportReporter -->
<testsuite hostname="EDT-168" name="com.BurgerApp.OrderScripts.ValidateLocationSearch_ZipCode" tests="1" failures="0" timestamp="12 Apr 2018 05:33:52 GMT" time="38.580" errors="0">
  <testcase name="ValidateLocationSearch_ZipCodeScript" time="38.580" classname="com.BurgerApp.OrderScripts.ValidateLocationSearch_ZipCode"/>
</testsuite> <!-- com.BurgerApp.OrderScripts.ValidateLocationSearch_ZipCode -->
