<?xml version="1.0" encoding="UTF-8"?>
<!-- Generated by org.testng.reporters.JUnitReportReporter -->
<testsuite hostname="EDT-168" name="com.BurgerApp.LocationScripts.SearchLocationByState" tests="1" failures="0" timestamp="10 Apr 2018 07:03:56 GMT" time="47.629" errors="0">
  <testcase name="VerifyLocationbyAddress" time="47.629" classname="com.BurgerApp.LocationScripts.SearchLocationByState"/>
</testsuite> <!-- com.BurgerApp.LocationScripts.SearchLocationByState -->
