<?xml version="1.0" encoding="UTF-8"?>
<!-- Generated by org.testng.reporters.JUnitReportReporter -->
<testsuite hostname="EDT-168" name="com.burger.TestScripts.VerifyGooglusSignInWithoutCredential" tests="1" failures="0" timestamp="8 Mar 2018 09:38:02 GMT" time="26.423" errors="0">
  <testcase name="VerifySignUp" time="26.423" classname="com.burger.TestScripts.VerifyGooglusSignInWithoutCredential"/>
</testsuite> <!-- com.burger.TestScripts.VerifyGooglusSignInWithoutCredential -->
