<?xml version="1.0" encoding="UTF-8"?>
<!-- Generated by org.testng.reporters.JUnitReportReporter -->
<testsuite hostname="EDT-168" name="com.BurgerApp.HomePageScripts.VerifyNoNetworkForUnReadButtonMessages" tests="1" failures="0" timestamp="23 Apr 2018 05:23:44 GMT" time="20.899" errors="0">
  <testcase name="TapOnUnreadButtonMessagesScreenScript" time="20.899" classname="com.BurgerApp.HomePageScripts.VerifyNoNetworkForUnReadButtonMessages"/>
</testsuite> <!-- com.BurgerApp.HomePageScripts.VerifyNoNetworkForUnReadButtonMessages -->
